  Application.cpp
  Generating Code...
  Compiling...
  ModuleWindow.cpp
  ModuleTextures.cpp
  ModuleSceneSpace.cpp
  ModuleSceneIntro.cpp
  ModuleRender.cpp
  ModulePlayer.cpp
  ModuleParticles.cpp
  ModuleInput.cpp
  ModuleFonts.cpp
c:\users\hugobd\documents\github\gun-smoke\modulefonts.cpp(59): warning C4018: '<': signed/unsigned mismatch
c:\users\hugobd\documents\github\gun-smoke\modulefonts.cpp(102): warning C4018: '<': signed/unsigned mismatch
  ModuleFadeToBlack.cpp
  ModuleEnemies.cpp
  ModuleCollision.cpp
  ModuleAudio.cpp
  Main.cpp
  Enemy_RedBird.cpp
  Enemy_Mech.cpp
  Enemy_BrownCookie.cpp
  Enemy.cpp
  Generating Code...
  SDL Game.vcxproj -> C:\Users\hugobd\Documents\GitHub\Gun-Smoke\Debug\SDL8 Handout.exe
  SDL Game.vcxproj -> C:\Users\hugobd\Documents\GitHub\Gun-Smoke\Debug\SDL8 Handout.pdb (Full PDB)
